#
# A fatal error has been detected by the Java Runtime Environment:
#
#  EXCEPTION_ACCESS_VIOLATION (0xc0000005) at pc=0x000002c3ae3f985a, pid=220, tid=7308
#
# JRE version: Java(TM) SE Runtime Environment (21.0+35) (build 21+35-LTS-2513)
# Java VM: Java HotSpot(TM) 64-Bit Server VM (21+35-LTS-2513, mixed mode, sharing, tiered, compressed oops, compressed class ptrs, g1 gc, windows-amd64)
# Problematic frame:
# j  Main.mainLORemIpSuM()V+24
#
# No core dump will be written. Minidumps are not enabled by default on client versions of Windows
#
# If you would like to submit a bug report, please visit:
#   https://bugreport.java.com/bugreport/crash.jsp
#

---------------  S U M M A R Y ------------

Command Line: -Xverify:none Main

Host: 11th Gen Intel(R) Core(TM) i5-11400H @ 2.70GHz, 12 cores, 15G,  Windows 11 , 64 bit Build 22621 (10.0.22621.3527)
Time: Mon May 27 23:04:58 2024  Windows 11 , 64 bit Build 22621 (10.0.22621.3527) elapsed time: 0.040791 seconds (0d 0h 0m 0s)

---------------  T H R E A D  ---------------

Current thread (0x000002c39c90b590):  JavaThread "main"             [_thread_in_Java, id=7308, stack(0x000000fc58e00000,0x000000fc58f00000) (1024K)]

Stack: [0x000000fc58e00000,0x000000fc58f00000],  sp=0x000000fc58eff3d8,  free space=1020k
Native frames: (J=compiled Java code, j=interpreted, Vv=VM code, C=native code)
C  0x000002c3ae3f985a

The last pc belongs to invokevirtual (printed below).

siginfo: EXCEPTION_ACCESS_VIOLATION (0xc0000005), reading address 0x000002c380600518


Registers:
RAX=0x0000000000000020, RBX=0x00000000000000b6, RCX=0x000002c380400500, RDX=0x000000000003fffc
RSP=0x000000fc58eff3d8, RBP=0x000000fc58eff430, RSI=0x000000fc58eff8b0, RDI=0x000000fc58eff8b8
R8 =0x0000000000000002, R9 =0x0000000713201518, R10=0x00007ffb79609ec0, R11=0x000000fc58eff3a0
R12=0x0000000000000000, R13=0x000002c380400470, R14=0x000000fc58eff440, R15=0x000002c39c90b590
RIP=0x000002c3ae3f985a, EFLAGS=0x0000000000010206


Register to memory mapping:

RAX=0x0000000000000020 is an unknown value
RBX=0x00000000000000b6 is an unknown value
RCX=0x000002c380400500 is pointing into metadata
RDX=0x000000000003fffc is an unknown value
RSP=0x000000fc58eff3d8 is pointing into the stack for thread: 0x000002c39c90b590
RBP=0x000000fc58eff430 is pointing into the stack for thread: 0x000002c39c90b590
RSI=0x000000fc58eff8b0 is pointing into the stack for thread: 0x000002c39c90b590
RDI=0x000000fc58eff8b8 is pointing into the stack for thread: 0x000002c39c90b590
R8 =0x0000000000000002 is an unknown value
R9 =0x0000000713201518 is an oop: java.lang.Class 
{0x0000000713201518} - klass: 'java/lang/Class'
 - ---- fields (total size 21 words):
 - private volatile transient 'classRedefinedCount' 'I' @12  0 (0x00000000)
 - injected 'klass' 'J' @16  3039729560696 (0x000002c3be002c78)
 - injected 'array_klass' 'J' @24  0 (0x0000000000000000)
 - injected 'oop_size' 'I' @32  21 (0x00000015)
 - injected 'static_oop_field_count' 'I' @36  11 (0x0000000b)
 - private volatile transient 'cachedConstructor' 'Ljava/lang/reflect/Constructor;' @40  null (0x00000000)
 - private transient 'name' 'Ljava/lang/String;' @44  null (0x00000000)
 - private transient 'module' 'Ljava/lang/Module;' @48  a 'java/lang/Module'{0x0000000713265d78} (0xe264cbaf)
 - private final 'classLoader' 'Ljava/lang/ClassLoader;' @52  null (0x00000000)
 - private transient 'classData' 'Ljava/lang/Object;' @56  null (0x00000000)
 - private transient 'packageName' 'Ljava/lang/String;' @60  null (0x00000000)
 - private final 'componentType' 'Ljava/lang/Class;' @64  null (0x00000000)
 - private volatile transient 'reflectionData' 'Ljava/lang/ref/SoftReference;' @68  null (0x00000000)
 - private volatile transient 'genericInfo' 'Lsun/reflect/generics/repository/ClassRepository;' @72  null (0x00000000)
 - private volatile transient 'enumConstants' '[Ljava/lang/Object;' @76  null (0x00000000)
 - private volatile transient 'enumConstantDirectory' 'Ljava/util/Map;' @80  null (0x00000000)
 - private volatile transient 'annotationData' 'Ljava/lang/Class$AnnotationData;' @84  null (0x00000000)
 - private volatile transient 'annotationType' 'Lsun/reflect/annotation/AnnotationType;' @88  null (0x00000000)
 - transient 'classValueMap' 'Ljava/lang/ClassValue$ClassValueMap;' @92  null (0x00000000)
 - injected 'protection_domain' 'Ljava/lang/Object;' @96  null (0x00000000)
 - injected 'signers_name' 'Ljava/lang/Object;' @100  null (0x00000000)
 - injected 'source_file' 'Ljava/lang/Object;' @104  null (0x00000000)
 - signature: Ljava/lang/System;
 - ---- static fields (11):
 - public static final 'in' 'Ljava/io/InputStream;' @112  a 'java/io/BufferedInputStream'{0x000000071321e8d8} (0xe2643d1b)
 - public static final 'out' 'Ljava/io/PrintStream;' @116  a 'java/io/PrintStream'{0x000000071321eea0} (0xe2643dd4)
 - public static final 'err' 'Ljava/io/PrintStream;' @120  a 'java/io/PrintStream'{0x0000000713224f08} (0xe26449e1)
 - private static 'initialIn' 'Ljava/io/InputStream;' @124  a 'java/io/BufferedInputStream'{0x000000071321e8d8} (0xe2643d1b)
 - private static final 'NEVER' 'I' @156  1 (0x00000001)
 - private static final 'MAYBE' 'I' @160  2 (0x00000002)
 - private static 'allowSecurityManager' 'I' @164  1 (0x00000001)
 - private static volatile 'security' 'Ljava/lang/SecurityManager;' @128  null (0x00000000)
 - private static 'notSupportedJnuEncoding' 'Ljava/lang/String;' @132  null (0x00000000)
 - private static volatile 'cons' 'Ljava/io/Console;' @136  null (0x00000000)
 - private static volatile 'initialErrStream' 'Ljava/io/PrintStream;' @140  a 'java/io/PrintStream'{0x0000000713224f08} (0xe26449e1)
 - private static 'props' 'Ljava/util/Properties;' @144  a 'java/util/Properties'{0x000000071321cdc0} (0xe26439b8)
 - private static 'lineSeparator' 'Ljava/lang/String;' @148  "\x0D\x0A"{0x0000000713216828} (0xe2642d05)
 - static 'bootLayer' 'Ljava/lang/ModuleLayer;' @152  a 'java/lang/ModuleLayer'{0x00000007133c5778} (0xe2678aef)
R10=0x00007ffb79609ec0 jvm.dll
R11=0x000000fc58eff3a0 is pointing into the stack for thread: 0x000002c39c90b590
R12=0x0 is null
R13=0x000002c380400470 is pointing into metadata
R14=0x000000fc58eff440 is pointing into the stack for thread: 0x000002c39c90b590
R15=0x000002c39c90b590 is a thread

Top of Stack: (sp=0x000000fc58eff3d8)
0x000000fc58eff3d8:   0000000000000020 000000071321eea0
0x000000fc58eff3e8:   000000fc58eff3e8 000002c380400470
0x000000fc58eff3f8:   0000000000000002 000002c380400500
0x000000fc58eff408:   0000000000000000 00000007133e3978
0x000000fc58eff418:   000002c380400488 0000000000000000
0x000000fc58eff428:   000000fc58eff448 000000fc58eff490
0x000000fc58eff438:   000002c3ae3e8846 0000000000000000
0x000000fc58eff448:   000000fc58eff448 000002c380400318
0x000000fc58eff458:   0000000000000002 000002c380400500
0x000000fc58eff468:   0000000000000000 00000007133e3978
0x000000fc58eff478:   000002c380400320 000000fc58eff448
0x000000fc58eff488:   000000fc58eff4a0 000000fc58eff680
0x000000fc58eff498:   000002c3ae3e10e7 00000007133e4208
0x000000fc58eff4a8:   0000000000000000 0000000000000000
0x000000fc58eff4b8:   0000000000000000 0000000000000000
0x000000fc58eff4c8:   0000000000000000 0000000000000000
0x000000fc58eff4d8:   0000000000000000 0000000000000000
0x000000fc58eff4e8:   0000000000000000 0000000000000000
0x000000fc58eff4f8:   0000000000000000 0000000000000000
0x000000fc58eff508:   0000000000000000 0000000000000000
0x000000fc58eff518:   0000000000000000 0000000000000000
0x000000fc58eff528:   0000000000000000 0000000000000000
0x000000fc58eff538:   0000000000000000 0000000000000000
0x000000fc58eff548:   0000000000000000 0000000000000000
0x000000fc58eff558:   0000000000000000 0000000000000000
0x000000fc58eff568:   0000000000000000 0000000000000000
0x000000fc58eff578:   0000000000000000 0000000000000000
0x000000fc58eff588:   0000000000000000 0000000000000000
0x000000fc58eff598:   0000000000000000 0000000000000000
0x000000fc58eff5a8:   0000000000000000 0000000000000000
0x000000fc58eff5b8:   0000000000000000 0000000000000000
0x000000fc58eff5c8:   0000000000000000 0000000000000000 

Instructions: (pc=0x000002c3ae3f985a)
0x000002c3ae3f975a:   00 00 c5 fa 10 04 24 48 83 c4 08 59 48 3b 01 c5
0x000002c3ae3f976a:   fa 11 04 19 45 0f b7 4d 01 48 8b 5d d0 41 c1 e1
0x000002c3ae3f977a:   02 42 8b 5c cb 38 c1 eb 18 81 e3 ff 00 00 00 41
0x000002c3ae3f978a:   b9 d8 00 00 00 83 fb 00 0f 84 04 00 00 00 45 88
0x000002c3ae3f979a:   4d 00 e9 40 00 00 00 c5 fb 10 04 24 48 83 c4 10
0x000002c3ae3f97aa:   59 48 3b 01 c5 fb 11 04 19 45 0f b7 4d 01 48 8b
0x000002c3ae3f97ba:   5d d0 41 c1 e1 02 42 8b 5c cb 38 c1 eb 18 81 e3
0x000002c3ae3f97ca:   ff 00 00 00 41 b9 d7 00 00 00 83 fb 00 0f 84 04
0x000002c3ae3f97da:   00 00 00 45 88 4d 00 41 0f b6 5d 03 49 83 c5 03
0x000002c3ae3f97ea:   49 ba c0 c6 60 79 fb 7f 00 00 41 ff 24 da 80 57
0x000002c3ae3f97fa:   35 79 fb 7f 00 00 c8 04 00 00 b6 00 00 00 00 00
0x000002c3ae3f980a:   00 00 00 00 00 00 00 00 00 00 00 00 00 00 00 00
0x000002c3ae3f981a:   00 00 00 00 00 00 48 83 ec 08 c5 fa 11 04 24 eb
0x000002c3ae3f982a:   1f 48 83 ec 10 c5 fb 11 04 24 eb 14 48 83 ec 10
0x000002c3ae3f983a:   48 89 04 24 48 c7 44 24 08 00 00 00 00 eb 01 50
0x000002c3ae3f984a:   4c 89 6d c0 41 0f b7 55 01 48 8b 4d d0 c1 e2 02
0x000002c3ae3f985a:   8b 5c d1 38 c1 eb 18 81 e3 ff 00 00 00 81 fb b6
0x000002c3ae3f986a:   00 00 00 0f 84 b4 00 00 00 bb b6 00 00 00 e8 05
0x000002c3ae3f987a:   00 00 00 e9 99 00 00 00 48 8b d3 48 8d 44 24 08
0x000002c3ae3f988a:   4c 89 6d c0 49 8b cf c5 f8 77 49 89 af a8 03 00
0x000002c3ae3f989a:   00 49 89 87 98 03 00 00 48 83 ec 20 40 f6 c4 0f
0x000002c3ae3f98aa:   0f 84 19 00 00 00 48 83 ec 08 48 b8 20 67 d9 78
0x000002c3ae3f98ba:   fb 7f 00 00 ff d0 48 83 c4 08 e9 0c 00 00 00 48
0x000002c3ae3f98ca:   b8 20 67 d9 78 fb 7f 00 00 ff d0 48 83 c4 20 49
0x000002c3ae3f98da:   c7 87 98 03 00 00 00 00 00 00 49 c7 87 a8 03 00
0x000002c3ae3f98ea:   00 00 00 00 00 49 c7 87 a0 03 00 00 00 00 00 00
0x000002c3ae3f98fa:   c5 f8 77 49 83 7f 08 00 0f 84 05 00 00 00 e9 f3
0x000002c3ae3f990a:   75 fe ff 4c 8b 6d c0 4c 8b 75 c8 4e 8d 74 f5 00
0x000002c3ae3f991a:   c3 41 0f b7 55 01 48 8b 4d d0 c1 e2 02 48 8b 5c
0x000002c3ae3f992a:   d1 48 8b 54 d1 50 8b ca 81 e1 ff 00 00 00 48 8b
0x000002c3ae3f993a:   4c cc f8 44 8b ea c1 ea 1c 49 ba d0 7d 60 79 fb
0x000002c3ae3f994a:   7f 00 00 49 8b 14 d2 52 41 8b d5 4c 8b 6d c0 8b 


Stack slot to memory mapping:

stack at sp + 0 slots: 0x0000000000000020 is an unknown value
stack at sp + 1 slots: 0x000000071321eea0 is an oop: java.io.PrintStream 
{0x000000071321eea0} - klass: 'java/io/PrintStream'
 - ---- fields (total size 6 words):
 - private volatile 'closed' 'Z' @12  false (0x00)
 - protected 'out' 'Ljava/io/OutputStream;' @16  a 'java/io/BufferedOutputStream'{0x000000071321ef60} (0xe2643dec)
 - private final 'closeLock' 'Ljava/lang/Object;' @20  a 'java/lang/Object'{0x000000071321f388} (0xe2643e71)
 - private final 'autoFlush' 'Z' @13  true (0x01)
 - private 'trouble' 'Z' @14  false (0x00)
 - private 'closing' 'Z' @15  false (0x00)
 - private final 'lock' 'Ljdk/internal/misc/InternalLock;' @24  a 'jdk/internal/misc/InternalLock'{0x0000000713224ec8} (0xe26449d9)
 - private 'formatter' 'Ljava/util/Formatter;' @28  null (0x00000000)
 - private final 'charset' 'Ljava/nio/charset/Charset;' @32  a 'sun/nio/cs/IBM852'{0x000000071321f300} (0xe2643e60)
 - private 'textOut' 'Ljava/io/BufferedWriter;' @36  a 'java/io/BufferedWriter'{0x0000000713220e50} (0xe26441ca)
 - private 'charOut' 'Ljava/io/OutputStreamWriter;' @40  a 'java/io/OutputStreamWriter'{0x000000071321f4b8} (0xe2643e97)
stack at sp + 2 slots: 0x000000fc58eff3e8 is pointing into the stack for thread: 0x000002c39c90b590
stack at sp + 3 slots: 0x000002c380400470 is pointing into metadata
stack at sp + 4 slots: 0x0000000000000002 is an unknown value
stack at sp + 5 slots: 0x000002c380400500 is pointing into metadata
stack at sp + 6 slots: 0x0 is null
stack at sp + 7 slots: 0x00000007133e3978 is an oop: java.lang.Class 
{0x00000007133e3978} - klass: 'java/lang/Class'
 - ---- fields (total size 14 words):
 - private volatile transient 'classRedefinedCount' 'I' @12  0 (0x00000000)
 - injected 'klass' 'J' @16  3039746328576 (0x000002c3bf000800)
 - injected 'array_klass' 'J' @24  0 (0x0000000000000000)
 - injected 'oop_size' 'I' @32  14 (0x0000000e)
 - injected 'static_oop_field_count' 'I' @36  0 (0x00000000)
 - private volatile transient 'cachedConstructor' 'Ljava/lang/reflect/Constructor;' @40  null (0x00000000)
 - private transient 'name' 'Ljava/lang/String;' @44  "Main"{0x00000007133e3a20} (0xe267c744)
 - private transient 'module' 'Ljava/lang/Module;' @48  a 'java/lang/Module'{0x0000000713261bd8} (0xe264c37b)
 - private final 'classLoader' 'Ljava/lang/ClassLoader;' @52  a 'jdk/internal/loader/ClassLoaders$AppClassLoader'{0x0000000713261a18} (0xe264c343)
 - private transient 'classData' 'Ljava/lang/Object;' @56  null (0x00000000)
 - private transient 'packageName' 'Ljava/lang/String;' @60  ""{0x0000000713216030} (0xe2642c06)
 - private final 'componentType' 'Ljava/lang/Class;' @64  null (0x00000000)
 - private volatile transient 'reflectionData' 'Ljava/lang/ref/SoftReference;' @68  a 'java/lang/ref/SoftReference'{0x00000007133e3d58} (0xe267c7ab)
 - private volatile transient 'genericInfo' 'Lsun/reflect/generics/repository/ClassRepository;' @72  null (0x00000000)
 - private volatile transient 'enumConstants' '[Ljava/lang/Object;' @76  null (0x00000000)
 - private volatile transient 'enumConstantDirectory' 'Ljava/util/Map;' @80  null (0x00000000)
 - private volatile transient 'annotationData' 'Ljava/lang/Class$AnnotationData;' @84  null (0x00000000)
 - private volatile transient 'annotationType' 'Lsun/reflect/annotation/AnnotationType;' @88  null (0x00000000)
 - transient 'classValueMap' 'Ljava/lang/ClassValue$ClassValueMap;' @92  null (0x00000000)
 - injected 'protection_domain' 'Ljava/lang/Object;' @96  a 'java/security/ProtectionDomain'{0x00000007133e33e8} (0xe267c67d)
 - injected 'signers_name' 'Ljava/lang/Object;' @100  null (0x00000000)
 - injected 'source_file' 'Ljava/lang/Object;' @104  null (0x00000000)
 - signature: LMain;
 - ---- static fields (0):

invokevirtual  182 invokevirtual  [0x000002c3ae3f9820, 0x000002c3ae3f9cc0]  1184 bytes
[MachCode]
  0x000002c3ae3f9820: 4883 ec08 | c5fa 1104 | 24eb 1f48 | 83ec 10c5 | fb11 0424 | eb14 4883 | ec10 4889 | 0424 48c7 
  0x000002c3ae3f9840: 4424 0800 | 0000 00eb | 0150 4c89 | 6dc0 410f | b755 0148 | 8b4d d0c1 | e202 8b5c | d138 c1eb 
  0x000002c3ae3f9860: 1881 e3ff | 0000 0081 | fbb6 0000 | 000f 84b4 | 0000 00bb | b600 0000 | e805 0000 | 00e9 9900 
  0x000002c3ae3f9880: 0000 488b | d348 8d44 | 2408 4c89 | 6dc0 498b | cfc5 f877 | 4989 afa8 | 0300 0049 | 8987 9803 
  0x000002c3ae3f98a0: 0000 4883 | ec20 40f6 | c40f 0f84 | 1900 0000 | 4883 ec08 | 48b8 2067 | d978 fb7f | 0000 ffd0 
  0x000002c3ae3f98c0: 4883 c408 | e90c 0000 | 0048 b820 | 67d9 78fb | 7f00 00ff | d048 83c4 | 2049 c787 | 9803 0000 
  0x000002c3ae3f98e0: 0000 0000 | 49c7 87a8 | 0300 0000 | 0000 0049 | c787 a003 | 0000 0000 | 0000 c5f8 | 7749 837f 
  0x000002c3ae3f9900: 0800 0f84 | 0500 0000 | e9f3 75fe | ff4c 8b6d | c04c 8b75 | c84e 8d74 | f500 c341 | 0fb7 5501 
  0x000002c3ae3f9920: 488b 4dd0 | c1e2 0248 | 8b5c d148 | 8b54 d150 | 8bca 81e1 | ff00 0000 | 488b 4ccc | f844 8bea 
  0x000002c3ae3f9940: c1ea 1c49 | bad0 7d60 | 79fb 7f00 | 0049 8b14 | d252 418b | d54c 8b6d | c08b c225 | 0000 1000 
  0x000002c3ae3f9960: 0f84 5e01 | 0000 483b | 0148 8b45 | d848 85c0 | 0f84 1200 | 0000 4883 | 4008 0148 | 8358 0800 
  0x000002c3ae3f9980: 4883 c038 | 4889 45d8 | 488b 45d8 | 4885 c00f | 8423 0100 | 0080 78c8 | 0b0f 8519 | 0100 0048 
  0x000002c3ae3f99a0: 83c0 084c | 8b68 f841 | 83ed 0041 | 83fd 020f | 8cf8 0000 | 004c 8b6b | 0845 0fb7 | 6d2e 4c2b 
  0x000002c3ae3f99c0: 2841 83ed | 014e 8b6c | ec08 4d85 | ed75 0748 | 8348 0801 | eb4a 458b | 6d08 49ba | 0000 00be 
  0x000002c3ae3f99e0: c302 0000 | 4d03 ea4c | 3368 0849 | f7c5 fcff | ffff 742c | 41f6 c502 | 7526 4883 | 7808 0074 
  0x000002c3ae3f9a00: 1b48 8378 | 0801 7414 | 4c33 6808 | 49f7 c5fc | ffff ff74 | 0b48 8348 | 0802 eb04 | 4c89 6808 
  0x000002c3ae3f9a20: 4883 c010 | 4c8b 68e8 | 4183 ed02 | 4183 fd02 | 0f8c 7700 | 0000 4c8b | 6b08 450f | b76d 2e4c 
  0x000002c3ae3f9a40: 2b28 4183 | ed01 4e8b | 6cec 084d | 85ed 7507 | 4883 4808 | 01eb 4a45 | 8b6d 0849 | ba00 0000 
  0x000002c3ae3f9a60: bec3 0200 | 004d 03ea | 4c33 6808 | 49f7 c5fc | ffff ff74 | 2c41 f6c5 | 0275 2648 | 8378 0800 
  0x000002c3ae3f9a80: 741b 4883 | 7808 0174 | 144c 3368 | 0849 f7c5 | fcff ffff | 740b 4883 | 4808 02eb | 044c 8968 
  0x000002c3ae3f9aa0: 0848 83c0 | 104c 8b68 | d841 83ed | 0441 c1e5 | 0349 03c5 | 4889 45d8 | 4c8d 6c24 | 084c 896d 
  0x000002c3ae3f9ac0: f0ff 6350 | 8b41 0849 | ba00 0000 | bec3 0200 | 0049 03c2 | 4c8b 75d8 | 4d85 f60f | 8495 0000 
  0x000002c3ae3f9ae0: 0049 8b56 | 1848 3bd0 | 0f85 0f00 | 0000 4983 | 4620 0149 | 835e 2000 | e971 0000 | 0048 85d2 
  0x000002c3ae3f9b00: 0f84 4200 | 0000 498b | 5628 483b | d00f 850f | 0000 0049 | 8346 3001 | 4983 5e30 | 00e9 4c00 
  0x000002c3ae3f9b20: 0000 4885 | d274 0f49 | 8346 0801 | 4983 5e08 | 00e9 3800 | 0000 4989 | 4628 ba01 | 0000 0049 
  0x000002c3ae3f9b40: 8956 30e9 | 2600 0000 | 493b 4628 | 0f85 0f00 | 0000 4983 | 4630 0149 | 835e 3000 | e90d 0000 
  0x000002c3ae3f9b60: 0049 8946 | 18ba 0100 | 0000 4989 | 5620 4983 | c638 4c89 | 75d8 488b | 9cd8 c801 | 0000 488b 
  0x000002c3ae3f9b80: 55d8 4885 | d20f 8423 | 0100 0080 | 7ac8 0b0f | 8519 0100 | 0048 83c2 | 084c 8b6a | f841 83ed 
  0x000002c3ae3f9ba0: 0041 83fd | 020f 8cf8 | 0000 004c | 8b6b 0845 | 0fb7 6d2e | 4c2b 2a41 | 83ed 014e | 8b6c ec08 
  0x000002c3ae3f9bc0: 4d85 ed75 | 0748 834a | 0801 eb4a | 458b 6d08 | 49ba 0000 | 00be c302 | 0000 4d03 | ea4c 336a 
  0x000002c3ae3f9be0: 0849 f7c5 | fcff ffff | 742c 41f6 | c502 7526 | 4883 7a08 | 0074 1b48 | 837a 0801 | 7414 4c33 
  0x000002c3ae3f9c00: 6a08 49f7 | c5fc ffff | ff74 0b48 | 834a 0802 | eb04 4c89 | 6a08 4883 | c210 4c8b | 6ae8 4183 
  0x000002c3ae3f9c20: ed02 4183 | fd02 0f8c | 7700 0000 | 4c8b 6b08 | 450f b76d | 2e4c 2b2a | 4183 ed01 | 4e8b 6cec 
  0x000002c3ae3f9c40: 084d 85ed | 7507 4883 | 4a08 01eb | 4a45 8b6d | 0849 ba00 | 0000 bec3 | 0200 004d | 03ea 4c33 
  0x000002c3ae3f9c60: 6a08 49f7 | c5fc ffff | ff74 2c41 | f6c5 0275 | 2648 837a | 0800 741b | 4883 7a08 | 0174 144c 
  0x000002c3ae3f9c80: 336a 0849 | f7c5 fcff | ffff 740b | 4883 4a08 | 02eb 044c | 896a 0848 | 83c2 104c | 8b6a d841 
  0x000002c3ae3f9ca0: 83ed 0441 | c1e5 0349 | 03d5 4889 | 55d8 4c8d | 6c24 084c | 896d f0ff | 6350 660f | 1f44 0000 
[/MachCode]

---------------  P R O C E S S  ---------------

Threads class SMR info:
_java_thread_list=0x000002c3ff2556d0, length=11, elements={
0x000002c39c90b590, 0x000002c3bdf64920, 0x000002c3bdf65930, 0x000002c3bdf68800,
0x000002c3bdf6ba70, 0x000002c3bdf6c9d0, 0x000002c3bdf6d520, 0x000002c3bdf6ef00,
0x000002c3bdf75780, 0x000002c3ff27c080, 0x000002c3ff27f900
}

Java Threads: ( => current thread )
=>0x000002c39c90b590 JavaThread "main"                              [_thread_in_Java, id=7308, stack(0x000000fc58e00000,0x000000fc58f00000) (1024K)]
  0x000002c3bdf64920 JavaThread "Reference Handler"          daemon [_thread_blocked, id=3000, stack(0x000000fc59600000,0x000000fc59700000) (1024K)]
  0x000002c3bdf65930 JavaThread "Finalizer"                  daemon [_thread_blocked, id=9520, stack(0x000000fc59700000,0x000000fc59800000) (1024K)]
  0x000002c3bdf68800 JavaThread "Signal Dispatcher"          daemon [_thread_blocked, id=3340, stack(0x000000fc59800000,0x000000fc59900000) (1024K)]
  0x000002c3bdf6ba70 JavaThread "Attach Listener"            daemon [_thread_blocked, id=7916, stack(0x000000fc59900000,0x000000fc59a00000) (1024K)]
  0x000002c3bdf6c9d0 JavaThread "Service Thread"             daemon [_thread_blocked, id=2684, stack(0x000000fc59a00000,0x000000fc59b00000) (1024K)]
  0x000002c3bdf6d520 JavaThread "Monitor Deflation Thread"   daemon [_thread_blocked, id=7596, stack(0x000000fc59b00000,0x000000fc59c00000) (1024K)]
  0x000002c3bdf6ef00 JavaThread "C2 CompilerThread0"         daemon [_thread_blocked, id=3712, stack(0x000000fc59c00000,0x000000fc59d00000) (1024K)]
  0x000002c3bdf75780 JavaThread "C1 CompilerThread0"         daemon [_thread_blocked, id=7952, stack(0x000000fc59d00000,0x000000fc59e00000) (1024K)]
  0x000002c3ff27c080 JavaThread "Notification Thread"        daemon [_thread_blocked, id=5236, stack(0x000000fc59e00000,0x000000fc59f00000) (1024K)]
  0x000002c3ff27f900 JavaThread "Common-Cleaner"             daemon [_thread_blocked, id=10744, stack(0x000000fc59f00000,0x000000fc5a000000) (1024K)]
Total: 11

Other Threads:
  0x000002c3bdf44e10 VMThread "VM Thread"                           [id=3128, stack(0x000000fc59500000,0x000000fc59600000) (1024K)]
  0x000002c3bdf2d5f0 WatcherThread "VM Periodic Task Thread"        [id=11060, stack(0x000000fc59400000,0x000000fc59500000) (1024K)]
  0x000002c39eabd180 WorkerThread "GC Thread#0"                     [id=11756, stack(0x000000fc58f00000,0x000000fc59000000) (1024K)]
  0x000002c39eacee00 ConcurrentGCThread "G1 Main Marker"            [id=2732, stack(0x000000fc59000000,0x000000fc59100000) (1024K)]
  0x000002c39eacfab0 WorkerThread "G1 Conc#0"                       [id=10252, stack(0x000000fc59100000,0x000000fc59200000) (1024K)]
  0x000002c39eb1eaf0 ConcurrentGCThread "G1 Refine#0"               [id=9544, stack(0x000000fc59200000,0x000000fc59300000) (1024K)]
  0x000002c3bde028c0 ConcurrentGCThread "G1 Service"                [id=6684, stack(0x000000fc59300000,0x000000fc59400000) (1024K)]
Total: 7

Threads with active compile tasks:
Total: 0

VM state: not at safepoint (normal execution)

VM Mutex/Monitor currently owned by a thread: None

Heap address: 0x0000000703600000, size: 4042 MB, Compressed Oops mode: Zero based, Oop shift amount: 3

CDS archive(s) mapped at: [0x000002c3be000000-0x000002c3bec90000-0x000002c3bec90000), size 13172736, SharedBaseAddress: 0x000002c3be000000, ArchiveRelocationMode: 1.
Compressed class space mapped at: 0x000002c3bf000000-0x000002c3ff000000, reserved size: 1073741824
Narrow klass base: 0x000002c3be000000, Narrow klass shift: 0, Narrow klass range: 0x100000000

GC Precious Log:
 CardTable entry size: 512
 Card Set container configuration: InlinePtr #cards 4 size 8 Array Of Cards #cards 16 size 48 Howl #buckets 8 coarsen threshold 3686 Howl Bitmap #cards 512 size 80 coarsen threshold 460 Card regions per heap region 1 cards per card region 4096
 CPUs: 12 total, 12 available
 Memory: 16163M
 Large Page Support: Disabled
 NUMA Support: Disabled
 Compressed Oops: Enabled (Zero based)
 Heap Region Size: 2M
 Heap Min Capacity: 8M
 Heap Initial Capacity: 254M
 Heap Max Capacity: 4042M
 Pre-touch: Disabled
 Parallel Workers: 10
 Concurrent Workers: 3
 Concurrent Refinement Workers: 10
 Periodic GC: Disabled

Heap:
 garbage-first heap   total 260096K, used 2048K [0x0000000703600000, 0x0000000800000000)
  region size 2048K, 2 young (4096K), 0 survivors (0K)
 Metaspace       used 140K, committed 384K, reserved 1114112K
  class space    used 5K, committed 128K, reserved 1048576K

Heap Regions: E=young(eden), S=young(survivor), O=old, HS=humongous(starts), HC=humongous(continues), CS=collection set, F=free, TAMS=top-at-mark-start, PB=parsable bottom
|   0|0x0000000703600000, 0x0000000703600000, 0x0000000703800000|  0%| F|  |TAMS 0x0000000703600000| PB 0x0000000703600000| Untracked 
|   1|0x0000000703800000, 0x0000000703800000, 0x0000000703a00000|  0%| F|  |TAMS 0x0000000703800000| PB 0x0000000703800000| Untracked 
|   2|0x0000000703a00000, 0x0000000703a00000, 0x0000000703c00000|  0%| F|  |TAMS 0x0000000703a00000| PB 0x0000000703a00000| Untracked 
|   3|0x0000000703c00000, 0x0000000703c00000, 0x0000000703e00000|  0%| F|  |TAMS 0x0000000703c00000| PB 0x0000000703c00000| Untracked 
|   4|0x0000000703e00000, 0x0000000703e00000, 0x0000000704000000|  0%| F|  |TAMS 0x0000000703e00000| PB 0x0000000703e00000| Untracked 
|   5|0x0000000704000000, 0x0000000704000000, 0x0000000704200000|  0%| F|  |TAMS 0x0000000704000000| PB 0x0000000704000000| Untracked 
|   6|0x0000000704200000, 0x0000000704200000, 0x0000000704400000|  0%| F|  |TAMS 0x0000000704200000| PB 0x0000000704200000| Untracked 
|   7|0x0000000704400000, 0x0000000704400000, 0x0000000704600000|  0%| F|  |TAMS 0x0000000704400000| PB 0x0000000704400000| Untracked 
|   8|0x0000000704600000, 0x0000000704600000, 0x0000000704800000|  0%| F|  |TAMS 0x0000000704600000| PB 0x0000000704600000| Untracked 
|   9|0x0000000704800000, 0x0000000704800000, 0x0000000704a00000|  0%| F|  |TAMS 0x0000000704800000| PB 0x0000000704800000| Untracked 
|  10|0x0000000704a00000, 0x0000000704a00000, 0x0000000704c00000|  0%| F|  |TAMS 0x0000000704a00000| PB 0x0000000704a00000| Untracked 
|  11|0x0000000704c00000, 0x0000000704c00000, 0x0000000704e00000|  0%| F|  |TAMS 0x0000000704c00000| PB 0x0000000704c00000| Untracked 
|  12|0x0000000704e00000, 0x0000000704e00000, 0x0000000705000000|  0%| F|  |TAMS 0x0000000704e00000| PB 0x0000000704e00000| Untracked 
|  13|0x0000000705000000, 0x0000000705000000, 0x0000000705200000|  0%| F|  |TAMS 0x0000000705000000| PB 0x0000000705000000| Untracked 
|  14|0x0000000705200000, 0x0000000705200000, 0x0000000705400000|  0%| F|  |TAMS 0x0000000705200000| PB 0x0000000705200000| Untracked 
|  15|0x0000000705400000, 0x0000000705400000, 0x0000000705600000|  0%| F|  |TAMS 0x0000000705400000| PB 0x0000000705400000| Untracked 
|  16|0x0000000705600000, 0x0000000705600000, 0x0000000705800000|  0%| F|  |TAMS 0x0000000705600000| PB 0x0000000705600000| Untracked 
|  17|0x0000000705800000, 0x0000000705800000, 0x0000000705a00000|  0%| F|  |TAMS 0x0000000705800000| PB 0x0000000705800000| Untracked 
|  18|0x0000000705a00000, 0x0000000705a00000, 0x0000000705c00000|  0%| F|  |TAMS 0x0000000705a00000| PB 0x0000000705a00000| Untracked 
|  19|0x0000000705c00000, 0x0000000705c00000, 0x0000000705e00000|  0%| F|  |TAMS 0x0000000705c00000| PB 0x0000000705c00000| Untracked 
|  20|0x0000000705e00000, 0x0000000705e00000, 0x0000000706000000|  0%| F|  |TAMS 0x0000000705e00000| PB 0x0000000705e00000| Untracked 
|  21|0x0000000706000000, 0x0000000706000000, 0x0000000706200000|  0%| F|  |TAMS 0x0000000706000000| PB 0x0000000706000000| Untracked 
|  22|0x0000000706200000, 0x0000000706200000, 0x0000000706400000|  0%| F|  |TAMS 0x0000000706200000| PB 0x0000000706200000| Untracked 
|  23|0x0000000706400000, 0x0000000706400000, 0x0000000706600000|  0%| F|  |TAMS 0x0000000706400000| PB 0x0000000706400000| Untracked 
|  24|0x0000000706600000, 0x0000000706600000, 0x0000000706800000|  0%| F|  |TAMS 0x0000000706600000| PB 0x0000000706600000| Untracked 
|  25|0x0000000706800000, 0x0000000706800000, 0x0000000706a00000|  0%| F|  |TAMS 0x0000000706800000| PB 0x0000000706800000| Untracked 
|  26|0x0000000706a00000, 0x0000000706a00000, 0x0000000706c00000|  0%| F|  |TAMS 0x0000000706a00000| PB 0x0000000706a00000| Untracked 
|  27|0x0000000706c00000, 0x0000000706c00000, 0x0000000706e00000|  0%| F|  |TAMS 0x0000000706c00000| PB 0x0000000706c00000| Untracked 
|  28|0x0000000706e00000, 0x0000000706e00000, 0x0000000707000000|  0%| F|  |TAMS 0x0000000706e00000| PB 0x0000000706e00000| Untracked 
|  29|0x0000000707000000, 0x0000000707000000, 0x0000000707200000|  0%| F|  |TAMS 0x0000000707000000| PB 0x0000000707000000| Untracked 
|  30|0x0000000707200000, 0x0000000707200000, 0x0000000707400000|  0%| F|  |TAMS 0x0000000707200000| PB 0x0000000707200000| Untracked 
|  31|0x0000000707400000, 0x0000000707400000, 0x0000000707600000|  0%| F|  |TAMS 0x0000000707400000| PB 0x0000000707400000| Untracked 
|  32|0x0000000707600000, 0x0000000707600000, 0x0000000707800000|  0%| F|  |TAMS 0x0000000707600000| PB 0x0000000707600000| Untracked 
|  33|0x0000000707800000, 0x0000000707800000, 0x0000000707a00000|  0%| F|  |TAMS 0x0000000707800000| PB 0x0000000707800000| Untracked 
|  34|0x0000000707a00000, 0x0000000707a00000, 0x0000000707c00000|  0%| F|  |TAMS 0x0000000707a00000| PB 0x0000000707a00000| Untracked 
|  35|0x0000000707c00000, 0x0000000707c00000, 0x0000000707e00000|  0%| F|  |TAMS 0x0000000707c00000| PB 0x0000000707c00000| Untracked 
|  36|0x0000000707e00000, 0x0000000707e00000, 0x0000000708000000|  0%| F|  |TAMS 0x0000000707e00000| PB 0x0000000707e00000| Untracked 
|  37|0x0000000708000000, 0x0000000708000000, 0x0000000708200000|  0%| F|  |TAMS 0x0000000708000000| PB 0x0000000708000000| Untracked 
|  38|0x0000000708200000, 0x0000000708200000, 0x0000000708400000|  0%| F|  |TAMS 0x0000000708200000| PB 0x0000000708200000| Untracked 
|  39|0x0000000708400000, 0x0000000708400000, 0x0000000708600000|  0%| F|  |TAMS 0x0000000708400000| PB 0x0000000708400000| Untracked 
|  40|0x0000000708600000, 0x0000000708600000, 0x0000000708800000|  0%| F|  |TAMS 0x0000000708600000| PB 0x0000000708600000| Untracked 
|  41|0x0000000708800000, 0x0000000708800000, 0x0000000708a00000|  0%| F|  |TAMS 0x0000000708800000| PB 0x0000000708800000| Untracked 
|  42|0x0000000708a00000, 0x0000000708a00000, 0x0000000708c00000|  0%| F|  |TAMS 0x0000000708a00000| PB 0x0000000708a00000| Untracked 
|  43|0x0000000708c00000, 0x0000000708c00000, 0x0000000708e00000|  0%| F|  |TAMS 0x0000000708c00000| PB 0x0000000708c00000| Untracked 
|  44|0x0000000708e00000, 0x0000000708e00000, 0x0000000709000000|  0%| F|  |TAMS 0x0000000708e00000| PB 0x0000000708e00000| Untracked 
|  45|0x0000000709000000, 0x0000000709000000, 0x0000000709200000|  0%| F|  |TAMS 0x0000000709000000| PB 0x0000000709000000| Untracked 
|  46|0x0000000709200000, 0x0000000709200000, 0x0000000709400000|  0%| F|  |TAMS 0x0000000709200000| PB 0x0000000709200000| Untracked 
|  47|0x0000000709400000, 0x0000000709400000, 0x0000000709600000|  0%| F|  |TAMS 0x0000000709400000| PB 0x0000000709400000| Untracked 
|  48|0x0000000709600000, 0x0000000709600000, 0x0000000709800000|  0%| F|  |TAMS 0x0000000709600000| PB 0x0000000709600000| Untracked 
|  49|0x0000000709800000, 0x0000000709800000, 0x0000000709a00000|  0%| F|  |TAMS 0x0000000709800000| PB 0x0000000709800000| Untracked 
|  50|0x0000000709a00000, 0x0000000709a00000, 0x0000000709c00000|  0%| F|  |TAMS 0x0000000709a00000| PB 0x0000000709a00000| Untracked 
|  51|0x0000000709c00000, 0x0000000709c00000, 0x0000000709e00000|  0%| F|  |TAMS 0x0000000709c00000| PB 0x0000000709c00000| Untracked 
|  52|0x0000000709e00000, 0x0000000709e00000, 0x000000070a000000|  0%| F|  |TAMS 0x0000000709e00000| PB 0x0000000709e00000| Untracked 
|  53|0x000000070a000000, 0x000000070a000000, 0x000000070a200000|  0%| F|  |TAMS 0x000000070a000000| PB 0x000000070a000000| Untracked 
|  54|0x000000070a200000, 0x000000070a200000, 0x000000070a400000|  0%| F|  |TAMS 0x000000070a200000| PB 0x000000070a200000| Untracked 
|  55|0x000000070a400000, 0x000000070a400000, 0x000000070a600000|  0%| F|  |TAMS 0x000000070a400000| PB 0x000000070a400000| Untracked 
|  56|0x000000070a600000, 0x000000070a600000, 0x000000070a800000|  0%| F|  |TAMS 0x000000070a600000| PB 0x000000070a600000| Untracked 
|  57|0x000000070a800000, 0x000000070a800000, 0x000000070aa00000|  0%| F|  |TAMS 0x000000070a800000| PB 0x000000070a800000| Untracked 
|  58|0x000000070aa00000, 0x000000070aa00000, 0x000000070ac00000|  0%| F|  |TAMS 0x000000070aa00000| PB 0x000000070aa00000| Untracked 
|  59|0x000000070ac00000, 0x000000070ac00000, 0x000000070ae00000|  0%| F|  |TAMS 0x000000070ac00000| PB 0x000000070ac00000| Untracked 
|  60|0x000000070ae00000, 0x000000070ae00000, 0x000000070b000000|  0%| F|  |TAMS 0x000000070ae00000| PB 0x000000070ae00000| Untracked 
|  61|0x000000070b000000, 0x000000070b000000, 0x000000070b200000|  0%| F|  |TAMS 0x000000070b000000| PB 0x000000070b000000| Untracked 
|  62|0x000000070b200000, 0x000000070b200000, 0x000000070b400000|  0%| F|  |TAMS 0x000000070b200000| PB 0x000000070b200000| Untracked 
|  63|0x000000070b400000, 0x000000070b400000, 0x000000070b600000|  0%| F|  |TAMS 0x000000070b400000| PB 0x000000070b400000| Untracked 
|  64|0x000000070b600000, 0x000000070b600000, 0x000000070b800000|  0%| F|  |TAMS 0x000000070b600000| PB 0x000000070b600000| Untracked 
|  65|0x000000070b800000, 0x000000070b800000, 0x000000070ba00000|  0%| F|  |TAMS 0x000000070b800000| PB 0x000000070b800000| Untracked 
|  66|0x000000070ba00000, 0x000000070ba00000, 0x000000070bc00000|  0%| F|  |TAMS 0x000000070ba00000| PB 0x000000070ba00000| Untracked 
|  67|0x000000070bc00000, 0x000000070bc00000, 0x000000070be00000|  0%| F|  |TAMS 0x000000070bc00000| PB 0x000000070bc00000| Untracked 
|  68|0x000000070be00000, 0x000000070be00000, 0x000000070c000000|  0%| F|  |TAMS 0x000000070be00000| PB 0x000000070be00000| Untracked 
|  69|0x000000070c000000, 0x000000070c000000, 0x000000070c200000|  0%| F|  |TAMS 0x000000070c000000| PB 0x000000070c000000| Untracked 
|  70|0x000000070c200000, 0x000000070c200000, 0x000000070c400000|  0%| F|  |TAMS 0x000000070c200000| PB 0x000000070c200000| Untracked 
|  71|0x000000070c400000, 0x000000070c400000, 0x000000070c600000|  0%| F|  |TAMS 0x000000070c400000| PB 0x000000070c400000| Untracked 
|  72|0x000000070c600000, 0x000000070c600000, 0x000000070c800000|  0%| F|  |TAMS 0x000000070c600000| PB 0x000000070c600000| Untracked 
|  73|0x000000070c800000, 0x000000070c800000, 0x000000070ca00000|  0%| F|  |TAMS 0x000000070c800000| PB 0x000000070c800000| Untracked 
|  74|0x000000070ca00000, 0x000000070ca00000, 0x000000070cc00000|  0%| F|  |TAMS 0x000000070ca00000| PB 0x000000070ca00000| Untracked 
|  75|0x000000070cc00000, 0x000000070cc00000, 0x000000070ce00000|  0%| F|  |TAMS 0x000000070cc00000| PB 0x000000070cc00000| Untracked 
|  76|0x000000070ce00000, 0x000000070ce00000, 0x000000070d000000|  0%| F|  |TAMS 0x000000070ce00000| PB 0x000000070ce00000| Untracked 
|  77|0x000000070d000000, 0x000000070d000000, 0x000000070d200000|  0%| F|  |TAMS 0x000000070d000000| PB 0x000000070d000000| Untracked 
|  78|0x000000070d200000, 0x000000070d200000, 0x000000070d400000|  0%| F|  |TAMS 0x000000070d200000| PB 0x000000070d200000| Untracked 
|  79|0x000000070d400000, 0x000000070d400000, 0x000000070d600000|  0%| F|  |TAMS 0x000000070d400000| PB 0x000000070d400000| Untracked 
|  80|0x000000070d600000, 0x000000070d600000, 0x000000070d800000|  0%| F|  |TAMS 0x000000070d600000| PB 0x000000070d600000| Untracked 
|  81|0x000000070d800000, 0x000000070d800000, 0x000000070da00000|  0%| F|  |TAMS 0x000000070d800000| PB 0x000000070d800000| Untracked 
|  82|0x000000070da00000, 0x000000070da00000, 0x000000070dc00000|  0%| F|  |TAMS 0x000000070da00000| PB 0x000000070da00000| Untracked 
|  83|0x000000070dc00000, 0x000000070dc00000, 0x000000070de00000|  0%| F|  |TAMS 0x000000070dc00000| PB 0x000000070dc00000| Untracked 
|  84|0x000000070de00000, 0x000000070de00000, 0x000000070e000000|  0%| F|  |TAMS 0x000000070de00000| PB 0x000000070de00000| Untracked 
|  85|0x000000070e000000, 0x000000070e000000, 0x000000070e200000|  0%| F|  |TAMS 0x000000070e000000| PB 0x000000070e000000| Untracked 
|  86|0x000000070e200000, 0x000000070e200000, 0x000000070e400000|  0%| F|  |TAMS 0x000000070e200000| PB 0x000000070e200000| Untracked 
|  87|0x000000070e400000, 0x000000070e400000, 0x000000070e600000|  0%| F|  |TAMS 0x000000070e400000| PB 0x000000070e400000| Untracked 
|  88|0x000000070e600000, 0x000000070e600000, 0x000000070e800000|  0%| F|  |TAMS 0x000000070e600000| PB 0x000000070e600000| Untracked 
|  89|0x000000070e800000, 0x000000070e800000, 0x000000070ea00000|  0%| F|  |TAMS 0x000000070e800000| PB 0x000000070e800000| Untracked 
|  90|0x000000070ea00000, 0x000000070ea00000, 0x000000070ec00000|  0%| F|  |TAMS 0x000000070ea00000| PB 0x000000070ea00000| Untracked 
|  91|0x000000070ec00000, 0x000000070ec00000, 0x000000070ee00000|  0%| F|  |TAMS 0x000000070ec00000| PB 0x000000070ec00000| Untracked 
|  92|0x000000070ee00000, 0x000000070ee00000, 0x000000070f000000|  0%| F|  |TAMS 0x000000070ee00000| PB 0x000000070ee00000| Untracked 
|  93|0x000000070f000000, 0x000000070f000000, 0x000000070f200000|  0%| F|  |TAMS 0x000000070f000000| PB 0x000000070f000000| Untracked 
|  94|0x000000070f200000, 0x000000070f200000, 0x000000070f400000|  0%| F|  |TAMS 0x000000070f200000| PB 0x000000070f200000| Untracked 
|  95|0x000000070f400000, 0x000000070f400000, 0x000000070f600000|  0%| F|  |TAMS 0x000000070f400000| PB 0x000000070f400000| Untracked 
|  96|0x000000070f600000, 0x000000070f600000, 0x000000070f800000|  0%| F|  |TAMS 0x000000070f600000| PB 0x000000070f600000| Untracked 
|  97|0x000000070f800000, 0x000000070f800000, 0x000000070fa00000|  0%| F|  |TAMS 0x000000070f800000| PB 0x000000070f800000| Untracked 
|  98|0x000000070fa00000, 0x000000070fa00000, 0x000000070fc00000|  0%| F|  |TAMS 0x000000070fa00000| PB 0x000000070fa00000| Untracked 
|  99|0x000000070fc00000, 0x000000070fc00000, 0x000000070fe00000|  0%| F|  |TAMS 0x000000070fc00000| PB 0x000000070fc00000| Untracked 
| 100|0x000000070fe00000, 0x000000070fe00000, 0x0000000710000000|  0%| F|  |TAMS 0x000000070fe00000| PB 0x000000070fe00000| Untracked 
| 101|0x0000000710000000, 0x0000000710000000, 0x0000000710200000|  0%| F|  |TAMS 0x0000000710000000| PB 0x0000000710000000| Untracked 
| 102|0x0000000710200000, 0x0000000710200000, 0x0000000710400000|  0%| F|  |TAMS 0x0000000710200000| PB 0x0000000710200000| Untracked 
| 103|0x0000000710400000, 0x0000000710400000, 0x0000000710600000|  0%| F|  |TAMS 0x0000000710400000| PB 0x0000000710400000| Untracked 
| 104|0x0000000710600000, 0x0000000710600000, 0x0000000710800000|  0%| F|  |TAMS 0x0000000710600000| PB 0x0000000710600000| Untracked 
| 105|0x0000000710800000, 0x0000000710800000, 0x0000000710a00000|  0%| F|  |TAMS 0x0000000710800000| PB 0x0000000710800000| Untracked 
| 106|0x0000000710a00000, 0x0000000710a00000, 0x0000000710c00000|  0%| F|  |TAMS 0x0000000710a00000| PB 0x0000000710a00000| Untracked 
| 107|0x0000000710c00000, 0x0000000710c00000, 0x0000000710e00000|  0%| F|  |TAMS 0x0000000710c00000| PB 0x0000000710c00000| Untracked 
| 108|0x0000000710e00000, 0x0000000710e00000, 0x0000000711000000|  0%| F|  |TAMS 0x0000000710e00000| PB 0x0000000710e00000| Untracked 
| 109|0x0000000711000000, 0x0000000711000000, 0x0000000711200000|  0%| F|  |TAMS 0x0000000711000000| PB 0x0000000711000000| Untracked 
| 110|0x0000000711200000, 0x0000000711200000, 0x0000000711400000|  0%| F|  |TAMS 0x0000000711200000| PB 0x0000000711200000| Untracked 
| 111|0x0000000711400000, 0x0000000711400000, 0x0000000711600000|  0%| F|  |TAMS 0x0000000711400000| PB 0x0000000711400000| Untracked 
| 112|0x0000000711600000, 0x0000000711600000, 0x0000000711800000|  0%| F|  |TAMS 0x0000000711600000| PB 0x0000000711600000| Untracked 
| 113|0x0000000711800000, 0x0000000711800000, 0x0000000711a00000|  0%| F|  |TAMS 0x0000000711800000| PB 0x0000000711800000| Untracked 
| 114|0x0000000711a00000, 0x0000000711a00000, 0x0000000711c00000|  0%| F|  |TAMS 0x0000000711a00000| PB 0x0000000711a00000| Untracked 
| 115|0x0000000711c00000, 0x0000000711c00000, 0x0000000711e00000|  0%| F|  |TAMS 0x0000000711c00000| PB 0x0000000711c00000| Untracked 
| 116|0x0000000711e00000, 0x0000000711e00000, 0x0000000712000000|  0%| F|  |TAMS 0x0000000711e00000| PB 0x0000000711e00000| Untracked 
| 117|0x0000000712000000, 0x0000000712000000, 0x0000000712200000|  0%| F|  |TAMS 0x0000000712000000| PB 0x0000000712000000| Untracked 
| 118|0x0000000712200000, 0x0000000712200000, 0x0000000712400000|  0%| F|  |TAMS 0x0000000712200000| PB 0x0000000712200000| Untracked 
| 119|0x0000000712400000, 0x0000000712400000, 0x0000000712600000|  0%| F|  |TAMS 0x0000000712400000| PB 0x0000000712400000| Untracked 
| 120|0x0000000712600000, 0x0000000712600000, 0x0000000712800000|  0%| F|  |TAMS 0x0000000712600000| PB 0x0000000712600000| Untracked 
| 121|0x0000000712800000, 0x0000000712800000, 0x0000000712a00000|  0%| F|  |TAMS 0x0000000712800000| PB 0x0000000712800000| Untracked 
| 122|0x0000000712a00000, 0x0000000712a00000, 0x0000000712c00000|  0%| F|  |TAMS 0x0000000712a00000| PB 0x0000000712a00000| Untracked 
| 123|0x0000000712c00000, 0x0000000712c00000, 0x0000000712e00000|  0%| F|  |TAMS 0x0000000712c00000| PB 0x0000000712c00000| Untracked 
| 124|0x0000000712e00000, 0x0000000712e00000, 0x0000000713000000|  0%| F|  |TAMS 0x0000000712e00000| PB 0x0000000712e00000| Untracked 
| 125|0x0000000713000000, 0x0000000713071258, 0x0000000713200000| 22%| E|  |TAMS 0x0000000713000000| PB 0x0000000713000000| Complete 
| 126|0x0000000713200000, 0x0000000713400000, 0x0000000713400000|100%| E|CS|TAMS 0x0000000713200000| PB 0x0000000713200000| Complete 

Card table byte_map: [0x000002c3b6bf0000,0x000002c3b73e0000] _byte_map_base: 0x000002c3b33d5000

Marking Bits: (CMBitMap*) 0x000002c39eabe890
 Bits: [0x000002c3b73e0000, 0x000002c3bb308000)

Polling page: 0x000002c39e220000

Metaspace:

Usage:
  Non-class:    134.69 KB used.
      Class:      5.88 KB used.
       Both:    140.56 KB used.

Virtual space:
  Non-class space:       64.00 MB reserved,     256.00 KB ( <1%) committed,  1 nodes.
      Class space:        1.00 GB reserved,     128.00 KB ( <1%) committed,  1 nodes.
             Both:        1.06 GB reserved,     384.00 KB ( <1%) committed. 

Chunk freelists:
   Non-Class:  12.00 MB
       Class:  15.75 MB
        Both:  27.74 MB

MaxMetaspaceSize: unlimited
CompressedClassSpaceSize: 1.00 GB
Initial GC threshold: 21.00 MB
Current GC threshold: 21.00 MB
CDS: on
 - commit_granule_bytes: 65536.
 - commit_granule_words: 8192.
 - virtual_space_node_default_size: 8388608.
 - enlarge_chunks_in_place: 1.
 - use_allocation_guard: 0.


Internal statistics:

num_allocs_failed_limit: 0.
num_arena_births: 4.
num_arena_deaths: 0.
num_vsnodes_births: 2.
num_vsnodes_deaths: 0.
num_space_committed: 6.
num_space_uncommitted: 0.
num_chunks_returned_to_freelist: 0.
num_chunks_taken_from_freelist: 5.
num_chunk_merges: 0.
num_chunk_splits: 3.
num_chunks_enlarged: 0.
num_inconsistent_stats: 0.

CodeHeap 'non-profiled nmethods': size=120000Kb used=12Kb max_used=12Kb free=119987Kb
 bounds [0x000002c3ae980000, 0x000002c3aebf0000, 0x000002c3b5eb0000]
CodeHeap 'profiled nmethods': size=120000Kb used=75Kb max_used=75Kb free=119925Kb
 bounds [0x000002c3a6eb0000, 0x000002c3a7120000, 0x000002c3ae3e0000]
CodeHeap 'non-nmethods': size=5760Kb used=1256Kb max_used=1256Kb free=4504Kb
 bounds [0x000002c3ae3e0000, 0x000002c3ae650000, 0x000002c3ae980000]
 total_blobs=363 nmethods=57 adapters=211
 compilation: enabled
              stopped_count=0, restarted_count=0
 full_count=0

Compilation events (20 events):
Event: 0.033 Thread 0x000002c3bdf75780   52       3       java.util.HashMap::afterNodeInsertion (1 bytes)
Event: 0.033 Thread 0x000002c3bdf75780 nmethod 52 0x000002c3a6ec1c90 code [0x000002c3a6ec1e20, 0x000002c3a6ec1f30]
Event: 0.033 Thread 0x000002c3bdf75780   48       3       java.util.ImmutableCollections$Set12$1::hasNext (13 bytes)
Event: 0.033 Thread 0x000002c3bdf75780 nmethod 48 0x000002c3a6ec1f90 code [0x000002c3a6ec2120, 0x000002c3a6ec2290]
Event: 0.033 Thread 0x000002c3bdf75780   47       1       java.lang.module.ModuleDescriptor$Exports::source (5 bytes)
Event: 0.033 Thread 0x000002c3bdf75780 nmethod 47 0x000002c3ae981f90 code [0x000002c3ae982120, 0x000002c3ae9821f0]
Event: 0.033 Thread 0x000002c3bdf75780   42       1       java.lang.module.ResolvedModule::reference (5 bytes)
Event: 0.033 Thread 0x000002c3bdf75780 nmethod 42 0x000002c3ae982290 code [0x000002c3ae982420, 0x000002c3ae9824f0]
Event: 0.033 Thread 0x000002c3bdf75780   44       1       java.lang.module.ModuleDescriptor::isAutomatic (5 bytes)
Event: 0.033 Thread 0x000002c3bdf75780 nmethod 44 0x000002c3ae982590 code [0x000002c3ae982720, 0x000002c3ae9827f0]
Event: 0.033 Thread 0x000002c3bdf75780   49       1       java.lang.module.ResolvedModule::configuration (5 bytes)
Event: 0.033 Thread 0x000002c3bdf75780 nmethod 49 0x000002c3ae982890 code [0x000002c3ae982a20, 0x000002c3ae982af0]
Event: 0.033 Thread 0x000002c3bdf75780   55       1       java.util.ImmutableCollections$Set12::isEmpty (2 bytes)
Event: 0.033 Thread 0x000002c3bdf75780 nmethod 55 0x000002c3ae982b90 code [0x000002c3ae982d20, 0x000002c3ae982de8]
Event: 0.033 Thread 0x000002c3bdf75780   54       1       java.lang.module.ModuleDescriptor$Exports::targets (5 bytes)
Event: 0.033 Thread 0x000002c3bdf75780 nmethod 54 0x000002c3ae982e90 code [0x000002c3ae983020, 0x000002c3ae9830f0]
Event: 0.033 Thread 0x000002c3bdf75780   56       3       java.lang.AbstractStringBuilder::ensureCapacityInternal (39 bytes)
Event: 0.033 Thread 0x000002c3bdf75780 nmethod 56 0x000002c3a6ec2310 code [0x000002c3a6ec24e0, 0x000002c3a6ec2720]
Event: 0.034 Thread 0x000002c3bdf75780   57       3       java.lang.String::isEmpty (14 bytes)
Event: 0.034 Thread 0x000002c3bdf75780 nmethod 57 0x000002c3a6ec2810 code [0x000002c3a6ec29c0, 0x000002c3a6ec2b38]

GC Heap History (0 events):
No events

Dll operation events (2 events):
Event: 0.004 Loaded shared library C:\Program Files\Java\jdk-21\bin\java.dll
Event: 0.026 Loaded shared library C:\Program Files\Java\jdk-21\bin\jsvml.dll

Deoptimization events (0 events):
No events

Classes loaded (12 events):
Event: 0.022 Loading class sun/nio/cs/MS1250
Event: 0.022 Loading class sun/nio/cs/MS1250 done
Event: 0.022 Loading class sun/nio/cs/MS1250$Holder
Event: 0.022 Loading class sun/nio/cs/MS1250$Holder done
Event: 0.023 Loading class sun/nio/cs/IBM852
Event: 0.023 Loading class sun/nio/cs/IBM852 done
Event: 0.023 Loading class sun/nio/cs/IBM852$Holder
Event: 0.023 Loading class sun/nio/cs/IBM852$Holder done
Event: 0.033 Loading class jdk/internal/loader/URLClassPath$FileLoader
Event: 0.033 Loading class jdk/internal/loader/URLClassPath$FileLoader done
Event: 0.034 Loading class jdk/internal/loader/URLClassPath$FileLoader$1
Event: 0.034 Loading class jdk/internal/loader/URLClassPath$FileLoader$1 done

Classes unloaded (0 events):
No events

Classes redefined (0 events):
No events

Internal exceptions (0 events):
No events

ZGC Phase Switch (0 events):
No events

VM Operations (0 events):
No events

Events (11 events):
Event: 0.014 Thread 0x000002c39c90b590 Thread added: 0x000002c39c90b590
Event: 0.024 Thread 0x000002c3bdf64920 Thread added: 0x000002c3bdf64920
Event: 0.024 Thread 0x000002c3bdf65930 Thread added: 0x000002c3bdf65930
Event: 0.024 Thread 0x000002c3bdf68800 Thread added: 0x000002c3bdf68800
Event: 0.024 Thread 0x000002c3bdf6ba70 Thread added: 0x000002c3bdf6ba70
Event: 0.024 Thread 0x000002c3bdf6c9d0 Thread added: 0x000002c3bdf6c9d0
Event: 0.024 Thread 0x000002c3bdf6d520 Thread added: 0x000002c3bdf6d520
Event: 0.024 Thread 0x000002c3bdf6ef00 Thread added: 0x000002c3bdf6ef00
Event: 0.024 Thread 0x000002c3bdf75780 Thread added: 0x000002c3bdf75780
Event: 0.033 Thread 0x000002c3ff27c080 Thread added: 0x000002c3ff27c080
Event: 0.034 Thread 0x000002c3ff27f900 Thread added: 0x000002c3ff27f900


Dynamic libraries:
0x00007ff7c99a0000 - 0x00007ff7c99b0000 	C:\Program Files\Java\jdk-21\bin\java.exe
0x00007ffbe89b0000 - 0x00007ffbe8bc7000 	C:\Windows\SYSTEM32\ntdll.dll
0x00007ffbe80d0000 - 0x00007ffbe8194000 	C:\Windows\System32\KERNEL32.DLL
0x00007ffbe5eb0000 - 0x00007ffbe6257000 	C:\Windows\System32\KERNELBASE.dll
0x00007ffbe6540000 - 0x00007ffbe6651000 	C:\Windows\System32\ucrtbase.dll
0x00007ffbd7480000 - 0x00007ffbd7499000 	C:\Program Files\Java\jdk-21\bin\jli.dll
0x00007ffbd59f0000 - 0x00007ffbd5a0b000 	C:\Program Files\Java\jdk-21\bin\VCRUNTIME140.dll
0x00007ffbe6f20000 - 0x00007ffbe6fd2000 	C:\Windows\System32\ADVAPI32.dll
0x00007ffbe8370000 - 0x00007ffbe8417000 	C:\Windows\System32\msvcrt.dll
0x00007ffbe6890000 - 0x00007ffbe6938000 	C:\Windows\System32\sechost.dll
0x00007ffbe64a0000 - 0x00007ffbe64c8000 	C:\Windows\System32\bcrypt.dll
0x00007ffbe8850000 - 0x00007ffbe8965000 	C:\Windows\System32\RPCRT4.dll
0x00007ffbe66e0000 - 0x00007ffbe688e000 	C:\Windows\System32\USER32.dll
0x00007ffbe63d0000 - 0x00007ffbe63f6000 	C:\Windows\System32\win32u.dll
0x00007ffbc7d90000 - 0x00007ffbc8023000 	C:\Windows\WinSxS\amd64_microsoft.windows.common-controls_6595b64144ccf1df_6.0.22621.3527_none_270e469b73872a76\COMCTL32.dll
0x00007ffbe82e0000 - 0x00007ffbe8309000 	C:\Windows\System32\GDI32.dll
0x00007ffbe5cd0000 - 0x00007ffbe5de9000 	C:\Windows\System32\gdi32full.dll
0x00007ffbe6400000 - 0x00007ffbe649a000 	C:\Windows\System32\msvcp_win.dll
0x00007ffbdf5b0000 - 0x00007ffbdf5ba000 	C:\Windows\SYSTEM32\VERSION.dll
0x00007ffbe82a0000 - 0x00007ffbe82d1000 	C:\Windows\System32\IMM32.DLL
0x00007ffbe2b00000 - 0x00007ffbe2b0c000 	C:\Program Files\Java\jdk-21\bin\vcruntime140_1.dll
0x00007ffb99c70000 - 0x00007ffb99cfe000 	C:\Program Files\Java\jdk-21\bin\msvcp140.dll
0x00007ffb789c0000 - 0x00007ffb796d3000 	C:\Program Files\Java\jdk-21\bin\server\jvm.dll
0x00007ffbe86a0000 - 0x00007ffbe8711000 	C:\Windows\System32\WS2_32.dll
0x00007ffbe4b10000 - 0x00007ffbe4b5d000 	C:\Windows\SYSTEM32\POWRPROF.dll
0x00007ffbdf220000 - 0x00007ffbdf254000 	C:\Windows\SYSTEM32\WINMM.dll
0x00007ffbe4af0000 - 0x00007ffbe4b03000 	C:\Windows\SYSTEM32\UMPDC.dll
0x00007ffbe4d00000 - 0x00007ffbe4d18000 	C:\Windows\SYSTEM32\kernel.appcore.dll
0x00007ffbd84d0000 - 0x00007ffbd84da000 	C:\Program Files\Java\jdk-21\bin\jimage.dll
0x00007ffbd4bf0000 - 0x00007ffbd4e22000 	C:\Windows\SYSTEM32\DBGHELP.DLL
0x00007ffbe6940000 - 0x00007ffbe6cc8000 	C:\Windows\System32\combase.dll
0x00007ffbe8520000 - 0x00007ffbe85f7000 	C:\Windows\System32\OLEAUT32.dll
0x00007ffbcc1d0000 - 0x00007ffbcc202000 	C:\Windows\SYSTEM32\dbgcore.DLL
0x00007ffbe6660000 - 0x00007ffbe66d9000 	C:\Windows\System32\bcryptPrimitives.dll
0x00007ffbd57b0000 - 0x00007ffbd57cf000 	C:\Program Files\Java\jdk-21\bin\java.dll
0x00007ffbe76c0000 - 0x00007ffbe7f1c000 	C:\Windows\System32\SHELL32.dll
0x00007ffbe3bd0000 - 0x00007ffbe44c6000 	C:\Windows\SYSTEM32\windows.storage.dll
0x00007ffbe3a90000 - 0x00007ffbe3bce000 	C:\Windows\SYSTEM32\wintypes.dll
0x00007ffbe81a0000 - 0x00007ffbe8295000 	C:\Windows\System32\SHCORE.dll
0x00007ffbe8310000 - 0x00007ffbe836e000 	C:\Windows\System32\shlwapi.dll
0x00007ffbe5c00000 - 0x00007ffbe5c21000 	C:\Windows\SYSTEM32\profapi.dll
0x00007ffb98ab0000 - 0x00007ffb98b87000 	C:\Program Files\Java\jdk-21\bin\jsvml.dll

dbghelp: loaded successfully - version: 4.0.5 - missing functions: none
symbol engine: initialized successfully - sym options: 0x614 - pdb path: .;C:\Program Files\Java\jdk-21\bin;C:\Windows\SYSTEM32;C:\Windows\WinSxS\amd64_microsoft.windows.common-controls_6595b64144ccf1df_6.0.22621.3527_none_270e469b73872a76;C:\Program Files\Java\jdk-21\bin\server

VM Arguments:
jvm_args: -Xverify:none 
java_command: Main
java_class_path (initial): .
Launcher Type: SUN_STANDARD

[Global flags]
     intx CICompilerCount                          = 4                                         {product} {ergonomic}
     uint ConcGCThreads                            = 3                                         {product} {ergonomic}
     uint G1ConcRefinementThreads                  = 10                                        {product} {ergonomic}
   size_t G1HeapRegionSize                         = 2097152                                   {product} {ergonomic}
    uintx GCDrainStackTargetSize                   = 64                                        {product} {ergonomic}
   size_t InitialHeapSize                          = 266338304                                 {product} {ergonomic}
   size_t MarkStackSize                            = 4194304                                   {product} {ergonomic}
   size_t MaxHeapSize                              = 4238344192                                {product} {ergonomic}
   size_t MaxNewSize                               = 2541748224                                {product} {ergonomic}
   size_t MinHeapDeltaBytes                        = 2097152                                   {product} {ergonomic}
   size_t MinHeapSize                              = 8388608                                   {product} {ergonomic}
    uintx NonNMethodCodeHeapSize                   = 5839372                                {pd product} {ergonomic}
    uintx NonProfiledCodeHeapSize                  = 122909434                              {pd product} {ergonomic}
    uintx ProfiledCodeHeapSize                     = 122909434                              {pd product} {ergonomic}
    uintx ReservedCodeCacheSize                    = 251658240                              {pd product} {ergonomic}
     bool SegmentedCodeCache                       = true                                      {product} {ergonomic}
   size_t SoftMaxHeapSize                          = 4238344192                             {manageable} {ergonomic}
     bool UseCompressedOops                        = true                           {product lp64_product} {ergonomic}
     bool UseG1GC                                  = true                                      {product} {ergonomic}
     bool UseLargePagesIndividualAllocation        = false                                  {pd product} {ergonomic}

Logging:
Log output configuration:
 #0: stdout all=warning uptime,level,tags foldmultilines=false
 #1: stderr all=off uptime,level,tags foldmultilines=false

Environment Variables:
PATH=C:\Program Files\Common Files\Oracle\Java\javapath;C:\Windows\system32;C:\Windows;C:\Windows\System32\Wbem;C:\Windows\System32\WindowsPowerShell\v1.0\;C:\Windows\System32\OpenSSH\;C:\Program Files\NVIDIA Corporation\NVIDIA NvDLISR;C:\Program Files (x86)\NVIDIA Corporation\PhysX\Common;C:\Program Files\PuTTY\;C:\Program Files\Microsoft SQL Server\Client SDK\ODBC\170\Tools\Binn\;C:\Program Files\Microsoft SQL Server\150\Tools\Binn\;C:\Program Files\Git\cmd;C:\Program Files\dotnet\;;C:\Program Files\Docker\Docker\resources\bin;C:\Program Files\nodejs\;C:\Program Files (x86)\Yarn\bin\;C:\Program Files\Graphviz\bin;C:\Users\Bartosz\AppData\Local\Microsoft\WindowsApps;C:\Users\Bartosz\AppData\Local\GitHubDesktop\bin;C:\Users\Bartosz\.dotnet\tools;C:\Users\Bartosz\AppData\Roaming\Python\Python39\Scripts\;C:\Program Files\JetBrains\IntelliJ IDEA 2023.2.2\bin;;C:\Users\Bartosz\AppData\Roaming\npm;C:\Users\Bartosz\AppData\Local\Yarn\bin;C:\Program Files\JetBrains\PyCharm 2023.2.5\bin;;C:\Users\Bartosz\AppData\Local\Programs\Microsoft VS Code\bin;C:\Program Files\Java\jdk-21\bin;
USERNAME=Bartosz
OS=Windows_NT
PROCESSOR_IDENTIFIER=Intel64 Family 6 Model 141 Stepping 1, GenuineIntel
TMP=C:\Users\Bartosz\AppData\Local\Temp
TEMP=C:\Users\Bartosz\AppData\Local\Temp




---------------  S Y S T E M  ---------------

OS:
 Windows 11 , 64 bit Build 22621 (10.0.22621.3527)
OS uptime: 0 days 5:16 hours
Hyper-V role detected

CPU: total 12 (initial active 12) (6 cores per cpu, 2 threads per core) family 6 model 141 stepping 1 microcode 0x34, cx8, cmov, fxsr, ht, mmx, 3dnowpref, sse, sse2, sse3, ssse3, sse4.1, sse4.2, popcnt, lzcnt, tsc, tscinvbit, avx, avx2, aes, erms, clmul, bmi1, bmi2, adx, avx512f, avx512dq, avx512cd, avx512bw, avx512vl, sha, fma, vzeroupper, avx512_vpopcntdq, avx512_vpclmulqdq, avx512_vaes, avx512_vnni, clflush, clflushopt, clwb, avx512_vbmi2, avx512_vbmi, hv, rdtscp, rdpid, fsrm, gfni, avx512_bitalg, f16c, cet_ibt, cet_ss, avx512_ifma
Processor Information for all 12 processors :
  Max Mhz: 2688, Current Mhz: 2688, Mhz Limit: 2688

Memory: 4k page, system-wide physical 16163M (8217M free)
TotalPageFile size 18595M (AvailPageFile size 9603M)
current process WorkingSet (physical memory assigned to process): 34M, peak: 34M
current process commit charge ("private bytes"): 341M, peak: 341M

vm_info: Java HotSpot(TM) 64-Bit Server VM (21+35-LTS-2513) for windows-amd64 JRE (21+35-LTS-2513), built on 2023-08-09T20:25:10Z by "mach5one" with MS VC++ 17.1 (VS2022)

END.
